Performing C++ SOURCE FILE Test CMAKE_HAVE_LIBC_PTHREAD failed with the following output:
Change Dir: /tmp/tmp.iQDQVki2dr/cmake-build-frios/CMakeFiles/CMakeTmp

Run Build Command(s):/usr/bin/gmake cmTC_abd4d/fast && /usr/bin/gmake  -f CMakeFiles/cmTC_abd4d.dir/build.make CMakeFiles/cmTC_abd4d.dir/build
gmake[1]: Entering directory '/tmp/tmp.iQDQVki2dr/cmake-build-frios/CMakeFiles/CMakeTmp'
Building CXX object CMakeFiles/cmTC_abd4d.dir/src.cxx.o
/usr/bin/c++   -DCMAKE_HAVE_LIBC_PTHREAD -o CMakeFiles/cmTC_abd4d.dir/src.cxx.o -c /tmp/tmp.iQDQVki2dr/cmake-build-frios/CMakeFiles/CMakeTmp/src.cxx
Linking CXX executable cmTC_abd4d
/usr/bin/cmake -E cmake_link_script CMakeFiles/cmTC_abd4d.dir/link.txt --verbose=1
/usr/bin/c++  -DCMAKE_HAVE_LIBC_PTHREAD CMakeFiles/cmTC_abd4d.dir/src.cxx.o -o cmTC_abd4d 
/usr/bin/ld: CMakeFiles/cmTC_abd4d.dir/src.cxx.o: in function `main':
src.cxx:(.text+0x2f): undefined reference to `pthread_create'
/usr/bin/ld: src.cxx:(.text+0x3b): undefined reference to `pthread_detach'
/usr/bin/ld: src.cxx:(.text+0x47): undefined reference to `pthread_cancel'
/usr/bin/ld: src.cxx:(.text+0x58): undefined reference to `pthread_join'
collect2: error: ld returned 1 exit status
gmake[1]: *** [CMakeFiles/cmTC_abd4d.dir/build.make:106: cmTC_abd4d] Error 1
gmake[1]: Leaving directory '/tmp/tmp.iQDQVki2dr/cmake-build-frios/CMakeFiles/CMakeTmp'
gmake: *** [Makefile:140: cmTC_abd4d/fast] Error 2


Source file was:
#include <pthread.h>

void* test_func(void* data)
{
  return data;
}

int main(void)
{
  pthread_t thread;
  pthread_create(&thread, NULL, test_func, NULL);
  pthread_detach(thread);
  pthread_cancel(thread);
  pthread_join(thread, NULL);
  pthread_atfork(NULL, NULL, NULL);
  pthread_exit(NULL);

  return 0;
}

Performing C++ SOURCE FILE Test CMAKE_HAVE_LIBC_PTHREAD failed with the following output:
Change Dir: /tmp/tmp.iQDQVki2dr/cmake-build-frios/CMakeFiles/CMakeTmp

Run Build Command(s):/usr/bin/gmake cmTC_3c112/fast && /usr/bin/gmake  -f CMakeFiles/cmTC_3c112.dir/build.make CMakeFiles/cmTC_3c112.dir/build
gmake[1]: Entering directory '/tmp/tmp.iQDQVki2dr/cmake-build-frios/CMakeFiles/CMakeTmp'
Building CXX object CMakeFiles/cmTC_3c112.dir/src.cxx.o
/usr/bin/c++   -DCMAKE_HAVE_LIBC_PTHREAD -o CMakeFiles/cmTC_3c112.dir/src.cxx.o -c /tmp/tmp.iQDQVki2dr/cmake-build-frios/CMakeFiles/CMakeTmp/src.cxx
Linking CXX executable cmTC_3c112
/usr/bin/cmake -E cmake_link_script CMakeFiles/cmTC_3c112.dir/link.txt --verbose=1
/usr/bin/c++  -DCMAKE_HAVE_LIBC_PTHREAD CMakeFiles/cmTC_3c112.dir/src.cxx.o -o cmTC_3c112 
/usr/bin/ld: CMakeFiles/cmTC_3c112.dir/src.cxx.o: in function `main':
src.cxx:(.text+0x2f): undefined reference to `pthread_create'
/usr/bin/ld: src.cxx:(.text+0x3b): undefined reference to `pthread_detach'
/usr/bin/ld: src.cxx:(.text+0x47): undefined reference to `pthread_cancel'
/usr/bin/ld: src.cxx:(.text+0x58): undefined reference to `pthread_join'
collect2: error: ld returned 1 exit status
gmake[1]: *** [CMakeFiles/cmTC_3c112.dir/build.make:106: cmTC_3c112] Error 1
gmake[1]: Leaving directory '/tmp/tmp.iQDQVki2dr/cmake-build-frios/CMakeFiles/CMakeTmp'
gmake: *** [Makefile:140: cmTC_3c112/fast] Error 2


Source file was:
#include <pthread.h>

void* test_func(void* data)
{
  return data;
}

int main(void)
{
  pthread_t thread;
  pthread_create(&thread, NULL, test_func, NULL);
  pthread_detach(thread);
  pthread_cancel(thread);
  pthread_join(thread, NULL);
  pthread_atfork(NULL, NULL, NULL);
  pthread_exit(NULL);

  return 0;
}

Determining if the function pthread_create exists in the pthreads failed with the following output:
Change Dir: /tmp/tmp.iQDQVki2dr/cmake-build-frios/CMakeFiles/CMakeTmp

Run Build Command(s):/usr/bin/gmake cmTC_34671/fast && /usr/bin/gmake  -f CMakeFiles/cmTC_34671.dir/build.make CMakeFiles/cmTC_34671.dir/build
gmake[1]: Entering directory '/tmp/tmp.iQDQVki2dr/cmake-build-frios/CMakeFiles/CMakeTmp'
Building CXX object CMakeFiles/cmTC_34671.dir/CheckFunctionExists.cxx.o
/usr/bin/c++   -DCHECK_FUNCTION_EXISTS=pthread_create -o CMakeFiles/cmTC_34671.dir/CheckFunctionExists.cxx.o -c /tmp/tmp.iQDQVki2dr/cmake-build-frios/CMakeFiles/CheckLibraryExists/CheckFunctionExists.cxx
Linking CXX executable cmTC_34671
/usr/bin/cmake -E cmake_link_script CMakeFiles/cmTC_34671.dir/link.txt --verbose=1
/usr/bin/c++  -DCHECK_FUNCTION_EXISTS=pthread_create CMakeFiles/cmTC_34671.dir/CheckFunctionExists.cxx.o -o cmTC_34671  -lpthreads 
/usr/bin/ld: cannot find -lpthreads
collect2: error: ld returned 1 exit status
gmake[1]: *** [CMakeFiles/cmTC_34671.dir/build.make:106: cmTC_34671] Error 1
gmake[1]: Leaving directory '/tmp/tmp.iQDQVki2dr/cmake-build-frios/CMakeFiles/CMakeTmp'
gmake: *** [Makefile:140: cmTC_34671/fast] Error 2



