Performing C SOURCE FILE Test CMAKE_HAVE_LIBC_PTHREAD failed with the following output:
Change Dir: /tmp/tmp.IYg82QNYa0/cmake-build-frios/CMakeFiles/CMakeTmp

Run Build Command(s):/usr/bin/gmake cmTC_0f701/fast && /usr/bin/gmake  -f CMakeFiles/cmTC_0f701.dir/build.make CMakeFiles/cmTC_0f701.dir/build
gmake[1]: Entering directory '/tmp/tmp.IYg82QNYa0/cmake-build-frios/CMakeFiles/CMakeTmp'
Building C object CMakeFiles/cmTC_0f701.dir/src.c.o
/usr/bin/cc   -DCMAKE_HAVE_LIBC_PTHREAD -std=gnu11 -o CMakeFiles/cmTC_0f701.dir/src.c.o -c /tmp/tmp.IYg82QNYa0/cmake-build-frios/CMakeFiles/CMakeTmp/src.c
Linking C executable cmTC_0f701
/usr/bin/cmake -E cmake_link_script CMakeFiles/cmTC_0f701.dir/link.txt --verbose=1
/usr/bin/cc  -DCMAKE_HAVE_LIBC_PTHREAD CMakeFiles/cmTC_0f701.dir/src.c.o -o cmTC_0f701 
/usr/bin/ld: CMakeFiles/cmTC_0f701.dir/src.c.o: in function `main':
src.c:(.text+0x2f): undefined reference to `pthread_create'
/usr/bin/ld: src.c:(.text+0x3b): undefined reference to `pthread_detach'
/usr/bin/ld: src.c:(.text+0x47): undefined reference to `pthread_cancel'
/usr/bin/ld: src.c:(.text+0x58): undefined reference to `pthread_join'
collect2: error: ld returned 1 exit status
gmake[1]: *** [CMakeFiles/cmTC_0f701.dir/build.make:106: cmTC_0f701] Error 1
gmake[1]: Leaving directory '/tmp/tmp.IYg82QNYa0/cmake-build-frios/CMakeFiles/CMakeTmp'
gmake: *** [Makefile:140: cmTC_0f701/fast] Error 2


Source file was:
#include <pthread.h>

void* test_func(void* data)
{
  return data;
}

int main(void)
{
  pthread_t thread;
  pthread_create(&thread, NULL, test_func, NULL);
  pthread_detach(thread);
  pthread_cancel(thread);
  pthread_join(thread, NULL);
  pthread_atfork(NULL, NULL, NULL);
  pthread_exit(NULL);

  return 0;
}

Determining if the function pthread_create exists in the pthreads failed with the following output:
Change Dir: /tmp/tmp.IYg82QNYa0/cmake-build-frios/CMakeFiles/CMakeTmp

Run Build Command(s):/usr/bin/gmake cmTC_bdfd7/fast && /usr/bin/gmake  -f CMakeFiles/cmTC_bdfd7.dir/build.make CMakeFiles/cmTC_bdfd7.dir/build
gmake[1]: Entering directory '/tmp/tmp.IYg82QNYa0/cmake-build-frios/CMakeFiles/CMakeTmp'
Building C object CMakeFiles/cmTC_bdfd7.dir/CheckFunctionExists.c.o
/usr/bin/cc   -DCHECK_FUNCTION_EXISTS=pthread_create -std=gnu11 -o CMakeFiles/cmTC_bdfd7.dir/CheckFunctionExists.c.o -c /usr/share/cmake-3.18/Modules/CheckFunctionExists.c
Linking C executable cmTC_bdfd7
/usr/bin/cmake -E cmake_link_script CMakeFiles/cmTC_bdfd7.dir/link.txt --verbose=1
/usr/bin/cc  -DCHECK_FUNCTION_EXISTS=pthread_create CMakeFiles/cmTC_bdfd7.dir/CheckFunctionExists.c.o -o cmTC_bdfd7  -lpthreads 
/usr/bin/ld: cannot find -lpthreads
collect2: error: ld returned 1 exit status
gmake[1]: *** [CMakeFiles/cmTC_bdfd7.dir/build.make:106: cmTC_bdfd7] Error 1
gmake[1]: Leaving directory '/tmp/tmp.IYg82QNYa0/cmake-build-frios/CMakeFiles/CMakeTmp'
gmake: *** [Makefile:140: cmTC_bdfd7/fast] Error 2



